#
# There is insufficient memory for the Java Runtime Environment to continue.
# Native memory allocation (malloc) failed to allocate 1048576 bytes for AllocateHeap
# Possible reasons:
#   The system is out of physical RAM or swap space
#   In 32 bit mode, the process size limit was hit
# Possible solutions:
#   Reduce memory load on the system
#   Increase physical memory or swap space
#   Check if swap backing store is full
#   Use 64 bit Java on a 64 bit OS
#   Decrease Java heap size (-Xmx/-Xms)
#   Decrease number of Java threads
#   Decrease Java thread stack sizes (-Xss)
#   Set larger code cache with -XX:ReservedCodeCacheSize=
# This output file may be truncated or incomplete.
#
#  Out of Memory Error (memory/allocation.inline.hpp:61), pid=1304, tid=5148
#
# JRE version:  (8.0_66-b18) (build )
# Java VM: Java HotSpot(TM) 64-Bit Server VM (25.66-b18 mixed mode windows-amd64 compressed oops)
# Failed to write core dump. Minidumps are not enabled by default on client versions of Windows
#

---------------  T H R E A D  ---------------

Current thread (0x000000000226d800):  JavaThread "Unknown thread" [_thread_in_vm, id=5148, stack(0x0000000002270000,0x0000000002370000)]

Stack: [0x0000000002270000,0x0000000002370000]
[error occurred during error reporting (printing stack bounds), id 0xc0000005]

Native frames: (J=compiled Java code, j=interpreted, Vv=VM code, C=native code)


---------------  P R O C E S S  ---------------

Java Threads: ( => current thread )

Other Threads:

=>0x000000000226d800 (exited) JavaThread "Unknown thread" [_thread_in_vm, id=5148, stack(0x0000000002270000,0x0000000002370000)]

VM state:not at safepoint (normal execution)

VM Mutex/Monitor currently owned by a thread: None

Heap:
 PSYoungGen      total 18944K, used 327K [0x00000000eab00000, 0x00000000ec000000, 0x0000000100000000)
  eden space 16384K, 2% used [0x00000000eab00000,0x00000000eab51ec8,0x00000000ebb00000)
  from space 2560K, 0% used [0x00000000ebd80000,0x00000000ebd80000,0x00000000ec000000)
  to   space 2560K, 0% used [0x00000000ebb00000,0x00000000ebb00000,0x00000000ebd80000)
 ParOldGen       total 44032K, used 0K [0x00000000c0000000, 0x00000000c2b00000, 0x00000000eab00000)
  object space 44032K, 0% used [0x00000000c0000000,0x00000000c0000000,0x00000000c2b00000)
 Metaspace       used 767K, capacity 4480K, committed 4480K, reserved 1056768K
  class space    used 75K, capacity 384K, committed 384K, reserved 1048576K

Card table byte_map: [0x0000000011830000,0x0000000011a40000] byte_map_base: 0x0000000011230000

Marking Bits: (ParMarkBitMap*) 0x00000000696da5b0
 Begin Bits: [0x0000000011fa0000, 0x0000000012fa0000)
 End Bits:   [0x0000000012fa0000, 0x0000000013fa0000)

Polling page: 0x0000000000810000

CodeCache: size=245760Kb used=328Kb max_used=328Kb free=245431Kb
 bounds [0x0000000002470000, 0x00000000026e0000, 0x0000000011470000]
 total_blobs=57 nmethods=0 adapters=37
 compilation: enabled

Compilation events (0 events):
No events

GC Heap History (0 events):
No events

Deoptimization events (0 events):
No events

Internal exceptions (0 events):
No events

Events (10 events):
Event: 0.029 loading class java/lang/Short
Event: 0.029 loading class java/lang/Short done
Event: 0.029 loading class java/lang/Integer
Event: 0.029 loading class java/lang/Integer done
Event: 0.029 loading class java/lang/Long
Event: 0.029 loading class java/lang/Long done
Event: 0.031 loading class java/lang/NullPointerException
Event: 0.031 loading class java/lang/NullPointerException done
Event: 0.031 loading class java/lang/ArithmeticException
Event: 0.031 loading class java/lang/ArithmeticException done


Dynamic libraries:
0x00007ff6cbb90000 - 0x00007ff6cbbc7000 	C:\Program Files\Java\jdk1.8.0_66\bin\java.exe
0x00007ffe604e0000 - 0x00007ffe606a1000 	C:\WINDOWS\SYSTEM32\ntdll.dll
0x00007ffe5dda0000 - 0x00007ffe5de4d000 	C:\WINDOWS\system32\KERNEL32.DLL
0x00007ffe5d580000 - 0x00007ffe5d768000 	C:\WINDOWS\system32\KERNELBASE.dll
0x00007ffe5dc90000 - 0x00007ffe5dd37000 	C:\WINDOWS\system32\ADVAPI32.dll
0x00007ffe5f900000 - 0x00007ffe5f99d000 	C:\WINDOWS\system32\msvcrt.dll
0x00007ffe5dd40000 - 0x00007ffe5dd9b000 	C:\WINDOWS\system32\sechost.dll
0x00007ffe5dec0000 - 0x00007ffe5dfdc000 	C:\WINDOWS\system32\RPCRT4.dll
0x00007ffe5db30000 - 0x00007ffe5dc86000 	C:\WINDOWS\system32\USER32.dll
0x00007ffe5fc90000 - 0x00007ffe5fe16000 	C:\WINDOWS\system32\GDI32.dll
0x00007ffe57490000 - 0x00007ffe57704000 	C:\WINDOWS\WinSxS\amd64_microsoft.windows.common-controls_6595b64144ccf1df_6.0.10586.0_none_8c15ae12515e1c22\COMCTL32.dll
0x00007ffe5e050000 - 0x00007ffe5e2cd000 	C:\WINDOWS\system32\combase.dll
0x00007ffe5cc40000 - 0x00007ffe5ccaa000 	C:\WINDOWS\system32\bcryptPrimitives.dll
0x00007ffe5fc50000 - 0x00007ffe5fc8b000 	C:\WINDOWS\system32\IMM32.DLL
0x0000000068a50000 - 0x0000000068b22000 	C:\Program Files\Java\jdk1.8.0_66\jre\bin\msvcr100.dll
0x0000000068ed0000 - 0x0000000069759000 	C:\Program Files\Java\jdk1.8.0_66\jre\bin\server\jvm.dll
0x00007ffe5deb0000 - 0x00007ffe5deb8000 	C:\WINDOWS\system32\PSAPI.DLL
0x00007ffe593f0000 - 0x00007ffe593f9000 	C:\WINDOWS\SYSTEM32\WSOCK32.dll
0x00007ffe5b280000 - 0x00007ffe5b2a3000 	C:\WINDOWS\SYSTEM32\WINMM.dll
0x00007ffe59af0000 - 0x00007ffe59afa000 	C:\WINDOWS\SYSTEM32\VERSION.dll
0x00007ffe5f830000 - 0x00007ffe5f89b000 	C:\WINDOWS\system32\WS2_32.dll
0x00007ffe5b250000 - 0x00007ffe5b27c000 	C:\WINDOWS\SYSTEM32\WINMMBASE.dll
0x00007ffe5cd10000 - 0x00007ffe5cd53000 	C:\WINDOWS\system32\cfgmgr32.dll
0x0000000068ec0000 - 0x0000000068ecf000 	C:\Program Files\Java\jdk1.8.0_66\jre\bin\verify.dll
0x0000000068e90000 - 0x0000000068eb9000 	C:\Program Files\Java\jdk1.8.0_66\jre\bin\java.dll
0x0000000068e70000 - 0x0000000068e86000 	C:\Program Files\Java\jdk1.8.0_66\jre\bin\zip.dll

VM Arguments:
jvm_args: -Xmx1024M -Dfile.encoding=windows-1252 -Duser.country=US -Duser.language=en -Duser.variant 
java_command: com.android.dx.command.Main --dex --num-threads=4 --output E:\androids\SLI2\app\build\intermediates\dex\debug E:\androids\SLI2\app\build\intermediates\classes\debug E:\androids\SLI2\app\build\intermediates\pre-dexed\debug\support-annotations-23.1.1-aa5c5cff6a92560fa20d72dfd632fd3c7d00957e.jar E:\androids\SLI2\app\build\intermediates\pre-dexed\debug\sqliteassethelper-2.0.1-30560fe0173d9e42aa98ec6518c0034eb36563ef.jar E:\androids\SLI2\app\build\intermediates\pre-dexed\debug\internal_impl-23.1.1-c59f670b816a398ce412bbee4cc3191b8df23ddb.jar E:\androids\SLI2\app\build\intermediates\pre-dexed\debug\classes-f3a1636cac183af1262d7735390280c142f78cdd.jar E:\androids\SLI2\app\build\intermediates\pre-dexed\debug\classes-6cf9ff0e19a9ca2a02cded0e108f83469d89649c.jar E:\androids\SLI2\app\build\intermediates\pre-dexed\debug\classes-8387d77ae874c951e23cea138f8272c616c2d605.jar E:\androids\SLI2\app\build\intermediates\pre-dexed\debug\classes-00c4b93007faec052c624c22f82118b504209f03.jar
java_class_path (initial): E:\Android\sdk\build-tools\23.0.2\lib\dx.jar
Launcher Type: SUN_STANDARD

Environment Variables:
JAVA_HOME=C:\Program Files (x86)\Java\jdk1.8.0_65
PATH=C:\ProgramData\Oracle\Java\javapath;C:\WINDOWS\system32;C:\WINDOWS;C:\WINDOWS\System32\Wbem;C:\WINDOWS\System32\WindowsPowerShell\v1.0\;C:\Program Files (x86)\Java\jdk1.8.0_65\bin
USERNAME=user pc
OS=Windows_NT
PROCESSOR_IDENTIFIER=Intel64 Family 6 Model 58 Stepping 9, GenuineIntel



---------------  S Y S T E M  ---------------

OS: Windows 10.0 , 64 bit Build 10586 (10.0.10586.0)

CPU:total 4 (2 cores per cpu, 2 threads per core) family 6 model 58 stepping 9, cmov, cx8, fxsr, mmx, sse, sse2, sse3, ssse3, sse4.1, sse4.2, popcnt, avx, aes, clmul, erms, ht, tsc, tscinvbit, tscinv

Memory: 4k page, physical 4066664k(570484k free), swap 5260640k(4356k free)

vm_info: Java HotSpot(TM) 64-Bit Server VM (25.66-b18) for windows-amd64 JRE (1.8.0_66-b18), built on Nov  9 2015 10:51:13 by "java_re" with MS VC++ 10.0 (VS2010)

time: Sun Apr 24 20:06:52 2016
elapsed time: 0 seconds (0d 0h 0m 0s)

